<?xml version="1.0" encoding="UTF-8"?>
<!-- Generated by org.testng.reporters.JUnitXMLReporter -->
<testsuite ignored="2" hostname="BIMWize3" failures="0" tests="12" name="groupTest" time="0.115" errors="0" timestamp="2022-04-20T14:29:58 EDT">
  <testcase classname="com.test.Base" name="@BeforeSuite beforeTest" time="-1.650479398095E9">
    <failure type="org.testng.TestNGException" message="
Can inject only one of &amp;lt;ITestContext, XmlTest&amp;gt; into a @BeforeSuite annotated beforeTest.
For more information on native dependency injection please refer to https://testng.org/doc/documentation-main.html#native-dependency-injection">
      <![CDATA[org.testng.TestNGException: 
Can inject only one of <ITestContext, XmlTest> into a @BeforeSuite annotated beforeTest.
For more information on native dependency injection please refer to https://testng.org/doc/documentation-main.html#native-dependency-injection
... Removed 16 stack frames]]>
    </failure>
  </testcase> <!-- @BeforeSuite beforeTest -->
  <testcase classname="com.test.LoginTest" name="@BeforeClass beforeclass" time="0.0">
    <skipped/>
  </testcase> <!-- @BeforeClass beforeclass -->
  <testcase classname="com.test.LoginTest" name="Loginbutton" time="0.0">
    <skipped/>
  </testcase> <!-- Loginbutton -->
  <testcase classname="com.test.LoginTest" name="getstarted" time="0.0">
    <skipped/>
  </testcase> <!-- getstarted -->
  <testcase classname="com.test.LoginTest" name="enterEmail" time="0.001">
    <skipped/>
  </testcase> <!-- enterEmail -->
  <testcase classname="com.test.LoginTest" name="enterfn" time="0.0">
    <skipped/>
  </testcase> <!-- enterfn -->
  <testcase classname="com.test.LoginTest" name="enterln" time="0.0">
    <skipped/>
  </testcase> <!-- enterln -->
  <testcase classname="com.test.LoginTest" name="enterpwd" time="0.0">
    <skipped/>
  </testcase> <!-- enterpwd -->
  <testcase classname="com.test.LoginTest" name="confirmpassword" time="0.0">
    <skipped/>
  </testcase> <!-- confirmpassword -->
  <testcase classname="com.test.LoginTest" name="validenterEmail" time="0.0">
    <skipped/>
  </testcase> <!-- validenterEmail -->
  <testcase classname="com.test.LoginTest" name="validenterfn" time="0.001">
    <skipped/>
  </testcase> <!-- validenterfn -->
  <testcase classname="com.test.LoginTest" name="validenterln" time="0.001">
    <skipped/>
  </testcase> <!-- validenterln -->
  <testcase classname="com.test.LoginTest" name="validenterpwd" time="0.0">
    <skipped/>
  </testcase> <!-- validenterpwd -->
  <testcase classname="com.test.LoginTest" name="validconfirmpassword" time="0.001">
    <skipped/>
  </testcase> <!-- validconfirmpassword -->
  <testcase classname="com.test.Base" name="@BeforeSuite beforeTest" time="0.0">
    <ignored/>
  </testcase> <!-- @BeforeSuite beforeTest -->
  <testcase classname="com.test.Base" name="@AfterSuite afterSuite" time="0.0">
    <ignored/>
  </testcase> <!-- @AfterSuite afterSuite -->
</testsuite> <!-- groupTest -->
