<?xml version="1.0" encoding="UTF-8"?>
<!-- Generated by org.testng.reporters.JUnitXMLReporter -->
<testsuite ignored="2" hostname="BIMWize3" failures="0" tests="12" name="Insprint Test" time="10.193" errors="0" timestamp="2022-04-20T13:33:50 EDT">
  <testcase classname="com.test.LoginTest" name="Loginbutton" time="5.203"/>
  <testcase classname="com.test.LoginTest" name="getstarted" time="3.203"/>
  <testcase classname="com.test.LoginTest" name="enterEmail" time="0.151"/>
  <testcase classname="com.test.LoginTest" name="enterfn" time="0.153"/>
  <testcase classname="com.test.LoginTest" name="enterln" time="0.2"/>
  <testcase classname="com.test.LoginTest" name="enterpwd" time="0.166"/>
  <testcase classname="com.test.LoginTest" name="confirmpassword" time="0.127"/>
  <testcase classname="com.test.LoginTest" name="validenterEmail" time="0.141"/>
  <testcase classname="com.test.LoginTest" name="validenterfn" time="0.309"/>
  <testcase classname="com.test.LoginTest" name="validenterln" time="0.118"/>
  <testcase classname="com.test.LoginTest" name="validenterpwd" time="0.1"/>
  <testcase classname="com.test.LoginTest" name="validconfirmpassword" time="0.092"/>
  <testcase classname="com.test.Base" name="@AfterSuite afterSuite" time="0.0">
    <ignored/>
  </testcase> <!-- @AfterSuite afterSuite -->
  <testcase classname="com.test.Base" name="@BeforeSuite beforeTest" time="0.0">
    <ignored/>
  </testcase> <!-- @BeforeSuite beforeTest -->
</testsuite> <!-- Insprint Test -->
