<?xml version="1.0" encoding="UTF-8"?>
<!-- Generated by org.testng.reporters.JUnitXMLReporter -->
<testsuite ignored="2" hostname="BIMWize3" failures="0" tests="12" name="Reg CHorme" time="12.922" errors="0" timestamp="2022-04-23T23:44:16 EDT">
  <testcase classname="com.test.LoginTest" name="Loginbutton" time="5.386"/>
  <testcase classname="com.test.LoginTest" name="getstarted" time="3.206"/>
  <testcase classname="com.test.LoginTest" name="enterEmail" time="0.153"/>
  <testcase classname="com.test.LoginTest" name="enterfn" time="0.129"/>
  <testcase classname="com.test.LoginTest" name="enterln" time="0.127"/>
  <testcase classname="com.test.LoginTest" name="enterpwd" time="0.152"/>
  <testcase classname="com.test.LoginTest" name="confirmpassword" time="0.145"/>
  <testcase classname="com.test.LoginTest" name="validenterEmail" time="0.135"/>
  <testcase classname="com.test.LoginTest" name="validenterfn" time="0.116"/>
  <testcase classname="com.test.LoginTest" name="validenterln" time="0.116"/>
  <testcase classname="com.test.LoginTest" name="validenterpwd" time="0.122"/>
  <testcase classname="com.test.LoginTest" name="validconfirmpassword" time="0.105"/>
  <testcase classname="com.test.Base" name="@BeforeTest beforeTest" time="0.0">
    <ignored/>
  </testcase> <!-- @BeforeTest beforeTest -->
  <testcase classname="com.test.Base" name="@AfterSuite afterSuite" time="0.0">
    <ignored/>
  </testcase> <!-- @AfterSuite afterSuite -->
</testsuite> <!-- Reg CHorme -->
