<?xml version="1.0" encoding="UTF-8"?>
<!-- Generated by org.testng.reporters.JUnitXMLReporter -->
<testsuite ignored="2" hostname="BIMWize3" failures="0" tests="12" name="Reg FF" time="15.865" errors="0" timestamp="2022-04-23T23:44:31 EDT">
  <testcase classname="com.test.LoginTest" name="Loginbutton" time="5.592"/>
  <testcase classname="com.test.LoginTest" name="getstarted" time="3.826"/>
  <testcase classname="com.test.LoginTest" name="enterEmail" time="0.088"/>
  <testcase classname="com.test.LoginTest" name="enterfn" time="0.083"/>
  <testcase classname="com.test.LoginTest" name="enterln" time="0.107"/>
  <testcase classname="com.test.LoginTest" name="enterpwd" time="0.093"/>
  <testcase classname="com.test.LoginTest" name="confirmpassword" time="0.049"/>
  <testcase classname="com.test.LoginTest" name="validenterEmail" time="0.085"/>
  <testcase classname="com.test.LoginTest" name="validenterfn" time="0.115"/>
  <testcase classname="com.test.LoginTest" name="validenterln" time="0.087"/>
  <testcase classname="com.test.LoginTest" name="validenterpwd" time="0.091"/>
  <testcase classname="com.test.LoginTest" name="validconfirmpassword" time="0.034"/>
  <testcase classname="com.test.Base" name="@BeforeTest beforeTest" time="0.0">
    <ignored/>
  </testcase> <!-- @BeforeTest beforeTest -->
  <testcase classname="com.test.Base" name="@AfterSuite afterSuite" time="0.0">
    <ignored/>
  </testcase> <!-- @AfterSuite afterSuite -->
</testsuite> <!-- Reg FF -->
